<?xml version="1.0" encoding="UTF-8"?>
<!-- Generated by org.testng.reporters.JUnitReportReporter -->
<testsuite hostname="DESKTOP-BF9E4NI" failures="0" tests="9" name="TestRunner.CucumberTestRunnerForTags" time="0.058" errors="0" timestamp="2024-07-06T11:48:31 IST" skipped="0">
  <testcase classname="TestRunner.CucumberTestRunnerForTags" name="runScenario" time="0.007"/>
  <testcase classname="TestRunner.CucumberTestRunnerForTags" name="runScenario" time="0.005"/>
  <testcase classname="TestRunner.CucumberTestRunnerForTags" name="runScenario" time="0.003"/>
  <testcase classname="TestRunner.CucumberTestRunnerForTags" name="runScenario" time="0.006"/>
  <testcase classname="TestRunner.CucumberTestRunnerForTags" name="runScenario" time="0.007"/>
  <testcase classname="TestRunner.CucumberTestRunnerForTags" name="runScenario" time="0.004"/>
  <testcase classname="TestRunner.CucumberTestRunnerForTags" name="runScenario" time="0.009"/>
  <testcase classname="TestRunner.CucumberTestRunnerForTags" name="runScenario" time="0.010"/>
  <testcase classname="TestRunner.CucumberTestRunnerForTags" name="runScenario" time="0.007"/>
</testsuite> <!-- TestRunner.CucumberTestRunnerForTags -->
