<?xml version="1.0" encoding="UTF-8"?>
<!-- Generated by org.testng.reporters.JUnitReportReporter -->
<testsuite hostname="DESKTOP-BF9E4NI" failures="0" tests="9" name="TestRunner.CucumberTestRunnerForTags" time="0.071" errors="0" timestamp="2024-07-03T14:55:41 IST" skipped="0">
  <testcase classname="TestRunner.CucumberTestRunnerForTags" name="runScenario" time="0.007"/>
  <testcase classname="TestRunner.CucumberTestRunnerForTags" name="runScenario" time="0.006"/>
  <testcase classname="TestRunner.CucumberTestRunnerForTags" name="runScenario" time="0.008"/>
  <testcase classname="TestRunner.CucumberTestRunnerForTags" name="runScenario" time="0.008"/>
  <testcase classname="TestRunner.CucumberTestRunnerForTags" name="runScenario" time="0.009"/>
  <testcase classname="TestRunner.CucumberTestRunnerForTags" name="runScenario" time="0.006"/>
  <testcase classname="TestRunner.CucumberTestRunnerForTags" name="runScenario" time="0.008"/>
  <testcase classname="TestRunner.CucumberTestRunnerForTags" name="runScenario" time="0.007"/>
  <testcase classname="TestRunner.CucumberTestRunnerForTags" name="runScenario" time="0.012"/>
</testsuite> <!-- TestRunner.CucumberTestRunnerForTags -->
