<?xml version="1.0" encoding="UTF-8"?>
<!-- Generated by org.testng.reporters.JUnitReportReporter -->
<testsuite hostname="DESKTOP-BF9E4NI" failures="0" tests="1" name="TestRunner.CucumberTestRunner" time="4.644" errors="0" timestamp="2024-07-03T14:55:41 IST" skipped="0">
  <testcase classname="TestRunner.CucumberTestRunner" name="runScenario" time="4.644"/>
</testsuite> <!-- TestRunner.CucumberTestRunner -->
